Determining if the pthread_create exist failed with the following output:
Change Dir: /home/drich/Desktop/ByteBender/ByteBender/cmake-build-debug/CMakeFiles/CMakeTmp

Run Build Command:"/usr/bin/make" "cmTC_9649c/fast"
/usr/bin/make -f CMakeFiles/cmTC_9649c.dir/build.make CMakeFiles/cmTC_9649c.dir/build
make[1]: Entering directory '/home/drich/Desktop/ByteBender/ByteBender/cmake-build-debug/CMakeFiles/CMakeTmp'
Building C object CMakeFiles/cmTC_9649c.dir/CheckSymbolExists.c.o
/usr/bin/cc    -o CMakeFiles/cmTC_9649c.dir/CheckSymbolExists.c.o   -c /home/drich/Desktop/ByteBender/ByteBender/cmake-build-debug/CMakeFiles/CMakeTmp/CheckSymbolExists.c
Linking C executable cmTC_9649c
/home/drich/Downloads/clion-2016.3.1/bin/cmake/bin/cmake -E cmake_link_script CMakeFiles/cmTC_9649c.dir/link.txt --verbose=1
/usr/bin/cc      CMakeFiles/cmTC_9649c.dir/CheckSymbolExists.c.o  -o cmTC_9649c 
CMakeFiles/cmTC_9649c.dir/CheckSymbolExists.c.o: In function `main':
CheckSymbolExists.c:(.text+0x16): undefined reference to `pthread_create'
collect2: error: ld returned 1 exit status
CMakeFiles/cmTC_9649c.dir/build.make:97: recipe for target 'cmTC_9649c' failed
make[1]: *** [cmTC_9649c] Error 1
make[1]: Leaving directory '/home/drich/Desktop/ByteBender/ByteBender/cmake-build-debug/CMakeFiles/CMakeTmp'
Makefile:126: recipe for target 'cmTC_9649c/fast' failed
make: *** [cmTC_9649c/fast] Error 2

File /home/drich/Desktop/ByteBender/ByteBender/cmake-build-debug/CMakeFiles/CMakeTmp/CheckSymbolExists.c:
/* */
#include <pthread.h>

int main(int argc, char** argv)
{
  (void)argv;
#ifndef pthread_create
  return ((int*)(&pthread_create))[argc];
#else
  (void)argc;
  return 0;
#endif
}

Determining if the function pthread_create exists in the pthreads failed with the following output:
Change Dir: /home/drich/Desktop/ByteBender/ByteBender/cmake-build-debug/CMakeFiles/CMakeTmp

Run Build Command:"/usr/bin/make" "cmTC_f8b50/fast"
/usr/bin/make -f CMakeFiles/cmTC_f8b50.dir/build.make CMakeFiles/cmTC_f8b50.dir/build
make[1]: Entering directory '/home/drich/Desktop/ByteBender/ByteBender/cmake-build-debug/CMakeFiles/CMakeTmp'
Building C object CMakeFiles/cmTC_f8b50.dir/CheckFunctionExists.c.o
/usr/bin/cc   -DCHECK_FUNCTION_EXISTS=pthread_create   -o CMakeFiles/cmTC_f8b50.dir/CheckFunctionExists.c.o   -c /home/drich/Downloads/clion-2016.3.1/bin/cmake/share/cmake-3.8/Modules/CheckFunctionExists.c
Linking C executable cmTC_f8b50
/home/drich/Downloads/clion-2016.3.1/bin/cmake/bin/cmake -E cmake_link_script CMakeFiles/cmTC_f8b50.dir/link.txt --verbose=1
/usr/bin/cc  -DCHECK_FUNCTION_EXISTS=pthread_create    CMakeFiles/cmTC_f8b50.dir/CheckFunctionExists.c.o  -o cmTC_f8b50 -lpthreads 
/usr/bin/ld: cannot find -lpthreads
collect2: error: ld returned 1 exit status
CMakeFiles/cmTC_f8b50.dir/build.make:97: recipe for target 'cmTC_f8b50' failed
make[1]: *** [cmTC_f8b50] Error 1
make[1]: Leaving directory '/home/drich/Desktop/ByteBender/ByteBender/cmake-build-debug/CMakeFiles/CMakeTmp'
Makefile:126: recipe for target 'cmTC_f8b50/fast' failed
make: *** [cmTC_f8b50/fast] Error 2


